{"content": {"suites": {"0": {"status": {"total_pass": 0, "total_skip": 0, "total_xpass": 0, "total_xfail": 0, "total_rerun": 0, "total_fail": 3, "total_error": 0}, "tests": {"0": {"status": "FAIL", "message": "   selenium.common.exceptions.ElementClickInterceptedException: Message: element click intercepted: Element is not clickable at point (421, 569)\n     (Session info: chrome=131.0.6778.205)\n   Stacktrace:\n   \tGetHandleVerifier [0x00007FF7D44980D5+2992373]\n   \t(No symbol) [0x00007FF7D412BFD0]\n   \t(No symbol) [0x00007FF7D3FC590A]\n   \t(No symbol) [0x00007FF7D4020F2E]\n   \t(No symbol) [0x00007FF7D401E9CC]\n   \t(No symbol) [0x00007FF7D401BBA6]\n   \t(No symbol) [0x00007FF7D401AB01]\n   \t(No symbol) [0x00007FF7D400CD40]\n   \t(No symbol) [0x00007FF7D403F36A]\n   \t(No symbol) [0x00007FF7D400C596]\n   \t(No symbol) [0x00007FF7D403F580]\n   \t(No symbol) [0x00007FF7D405F584]\n   \t(No symbol) [0x00007FF7D403F113]\n   \t(No symbol) [0x00007FF7D400A918]\n   \t(No symbol) [0x00007FF7D400BA81]\n   \tGetHandleVerifier [0x00007FF7D44F6A2D+3379789]\n   \tGetHandleVerifier [0x00007FF7D450C32D+3468109]\n   \tGetHandleVerifier [0x00007FF7D4500043+3418211]\n   \tGetHandleVerifier [0x00007FF7D428C78B+847787]\n   \t(No symbol) [0x00007FF7D413757F]\n   \t(No symbol) [0x00007FF7D4132FC4]\n   \t(No symbol) [0x00007FF7D413315D]\n   \t(No symbol) [0x00007FF7D4122979]\n   \tBaseThreadInitThunk [0x00007FFD3F2B259D+29]\n   \tRtlUserThreadStart [0x00007FFD413AAF38+40]\n", "test_name": "test_registerWithTokenUser", "rerun": "0"}, "1": {"status": "FAIL", "message": "   selenium.common.exceptions.ElementClickInterceptedException: Message: element click intercepted: Element is not clickable at point (421, 569)\n     (Session info: chrome=131.0.6778.205)\n   Stacktrace:\n   \tGetHandleVerifier [0x00007FF7D44980D5+2992373]\n   \t(No symbol) [0x00007FF7D412BFD0]\n   \t(No symbol) [0x00007FF7D3FC590A]\n   \t(No symbol) [0x00007FF7D4020F2E]\n   \t(No symbol) [0x00007FF7D401E9CC]\n   \t(No symbol) [0x00007FF7D401BBA6]\n   \t(No symbol) [0x00007FF7D401AB01]\n   \t(No symbol) [0x00007FF7D400CD40]\n   \t(No symbol) [0x00007FF7D403F36A]\n   \t(No symbol) [0x00007FF7D400C596]\n   \t(No symbol) [0x00007FF7D403F580]\n   \t(No symbol) [0x00007FF7D405F584]\n   \t(No symbol) [0x00007FF7D403F113]\n   \t(No symbol) [0x00007FF7D400A918]\n   \t(No symbol) [0x00007FF7D400BA81]\n   \tGetHandleVerifier [0x00007FF7D44F6A2D+3379789]\n   \tGetHandleVerifier [0x00007FF7D450C32D+3468109]\n   \tGetHandleVerifier [0x00007FF7D4500043+3418211]\n   \tGetHandleVerifier [0x00007FF7D428C78B+847787]\n   \t(No symbol) [0x00007FF7D413757F]\n   \t(No symbol) [0x00007FF7D4132FC4]\n   \t(No symbol) [0x00007FF7D413315D]\n   \t(No symbol) [0x00007FF7D4122979]\n   \tBaseThreadInitThunk [0x00007FFD3F2B259D+29]\n   \tRtlUserThreadStart [0x00007FFD413AAF38+40]\n", "test_name": "test_registerFormPasswordDoesNotMatch", "rerun": "0"}, "2": {"status": "FAIL", "message": "   selenium.common.exceptions.ElementClickInterceptedException: Message: element click intercepted: Element is not clickable at point (421, 569)\n     (Session info: chrome=131.0.6778.205)\n   Stacktrace:\n   \tGetHandleVerifier [0x00007FF7D44980D5+2992373]\n   \t(No symbol) [0x00007FF7D412BFD0]\n   \t(No symbol) [0x00007FF7D3FC590A]\n   \t(No symbol) [0x00007FF7D4020F2E]\n   \t(No symbol) [0x00007FF7D401E9CC]\n   \t(No symbol) [0x00007FF7D401BBA6]\n   \t(No symbol) [0x00007FF7D401AB01]\n   \t(No symbol) [0x00007FF7D400CD40]\n   \t(No symbol) [0x00007FF7D403F36A]\n   \t(No symbol) [0x00007FF7D400C596]\n   \t(No symbol) [0x00007FF7D403F580]\n   \t(No symbol) [0x00007FF7D405F584]\n   \t(No symbol) [0x00007FF7D403F113]\n   \t(No symbol) [0x00007FF7D400A918]\n   \t(No symbol) [0x00007FF7D400BA81]\n   \tGetHandleVerifier [0x00007FF7D44F6A2D+3379789]\n   \tGetHandleVerifier [0x00007FF7D450C32D+3468109]\n   \tGetHandleVerifier [0x00007FF7D4500043+3418211]\n   \tGetHandleVerifier [0x00007FF7D428C78B+847787]\n   \t(No symbol) [0x00007FF7D413757F]\n   \t(No symbol) [0x00007FF7D4132FC4]\n   \t(No symbol) [0x00007FF7D413315D]\n   \t(No symbol) [0x00007FF7D4122979]\n   \tBaseThreadInitThunk [0x00007FFD3F2B259D+29]\n   \tRtlUserThreadStart [0x00007FFD413AAF38+40]\n", "test_name": "test_registerCorrectly", "rerun": "0"}}, "suite_name": "tests/E2E/test_registerForm.py"}}}, "date": "January 10, 2025", "start_time": 1736538007.4249938, "total_suite": 1, "status": "FAIL", "status_list": {"pass": "0", "fail": "3", "skip": "0", "error": "0", "xpass": "0", "xfail": "0", "rerun": "0"}, "total_tests": "3"}