{"content": {"suites": {"0": {"status": {"total_pass": 0, "total_skip": 0, "total_xpass": 0, "total_xfail": 0, "total_rerun": 0, "total_fail": 2, "total_error": 0}, "tests": {"0": {"status": "FAIL", "message": "   selenium.common.exceptions.TimeoutException: Message: \n   Stacktrace:\n   \tGetHandleVerifier [0x00007FF6B1C180D5+2992373]\n   \t(No symbol) [0x00007FF6B18ABFD0]\n   \t(No symbol) [0x00007FF6B174590A]\n   \t(No symbol) [0x00007FF6B179926E]\n   \t(No symbol) [0x00007FF6B179955C]\n   \t(No symbol) [0x00007FF6B17E27D7]\n   \t(No symbol) [0x00007FF6B17BF3AF]\n   \t(No symbol) [0x00007FF6B17DF584]\n   \t(No symbol) [0x00007FF6B17BF113]\n   \t(No symbol) [0x00007FF6B178A918]\n   \t(No symbol) [0x00007FF6B178BA81]\n   \tGetHandleVerifier [0x00007FF6B1C76A2D+3379789]\n   \tGetHandleVerifier [0x00007FF6B1C8C32D+3468109]\n   \tGetHandleVerifier [0x00007FF6B1C80043+3418211]\n   \tGetHandleVerifier [0x00007FF6B1A0C78B+847787]\n   \t(No symbol) [0x00007FF6B18B757F]\n   \t(No symbol) [0x00007FF6B18B2FC4]\n   \t(No symbol) [0x00007FF6B18B315D]\n   \t(No symbol) [0x00007FF6B18A2979]\n   \tBaseThreadInitThunk [0x00007FFD3F2B259D+29]\n   \tRtlUserThreadStart [0x00007FFD413AAF38+40]\n", "test_name": "test_registerWithTokenUser", "rerun": "0"}, "1": {"status": "FAIL", "message": "   selenium.common.exceptions.NoSuchWindowException: Message: no such window: target window already closed\n   from unknown error: web view not found\n     (Session info: chrome=131.0.6778.205)\n   Stacktrace:\n   \tGetHandleVerifier [0x00007FF6B1C180D5+2992373]\n   \t(No symbol) [0x00007FF6B18ABFD0]\n   \t(No symbol) [0x00007FF6B174590A]\n   \t(No symbol) [0x00007FF6B171F4F5]\n   \t(No symbol) [0x00007FF6B17C63A7]\n   \t(No symbol) [0x00007FF6B17DEE72]\n   \t(No symbol) [0x00007FF6B17BF113]\n   \t(No symbol) [0x00007FF6B178A918]\n   \t(No symbol) [0x00007FF6B178BA81]\n   \tGetHandleVerifier [0x00007FF6B1C76A2D+3379789]\n   \tGetHandleVerifier [0x00007FF6B1C8C32D+3468109]\n   \tGetHandleVerifier [0x00007FF6B1C80043+3418211]\n   \tGetHandleVerifier [0x00007FF6B1A0C78B+847787]\n   \t(No symbol) [0x00007FF6B18B757F]\n   \t(No symbol) [0x00007FF6B18B2FC4]\n   \t(No symbol) [0x00007FF6B18B315D]\n   \t(No symbol) [0x00007FF6B18A2979]\n   \tBaseThreadInitThunk [0x00007FFD3F2B259D+29]\n   \tRtlUserThreadStart [0x00007FFD413AAF38+40]\n", "test_name": "test_registerFormPasswordDoesNotMatch", "rerun": "0"}}, "suite_name": "tests/E2E/test_registerForm.py"}}}, "date": "January 10, 2025", "start_time": 1736538534.9769998, "total_suite": 1, "status": "FAIL", "status_list": {"pass": "0", "fail": "2", "skip": "0", "error": "0", "xpass": "0", "xfail": "0", "rerun": "0"}, "total_tests": "2"}