{"content": {"suites": {"0": {"status": {"total_pass": 3, "total_skip": 0, "total_xpass": 0, "total_xfail": 0, "total_rerun": 0, "total_fail": 2, "total_error": 0}, "tests": {"0": {"status": "PASS", "message": "", "test_name": "test_logInCorrectly", "rerun": "0"}, "1": {"status": "PASS", "message": "", "test_name": "test_logInEmptyPassword", "rerun": "0"}, "2": {"status": "PASS", "message": "", "test_name": "test_logInWithEmptyFill", "rerun": "0"}, "3": {"status": "FAIL", "message": "   selenium.common.exceptions.NoSuchElementException: Message: no such element: Unable to locate element: {\"method\":\"css selector\",\"selector\":\".fade\"}\n     (Session info: chrome=131.0.6778.205); For documentation on this error, please visit: https://www.selenium.dev/documentation/webdriver/troubleshooting/errors#no-such-element-exception\n   Stacktrace:\n   \tGetHandleVerifier [0x00007FF71A7C80D5+2992373]\n   \t(No symbol) [0x00007FF71A45BFD0]\n   \t(No symbol) [0x00007FF71A2F590A]\n   \t(No symbol) [0x00007FF71A34926E]\n   \t(No symbol) [0x00007FF71A34955C]\n   \t(No symbol) [0x00007FF71A3927D7]\n   \t(No symbol) [0x00007FF71A36F3AF]\n   \t(No symbol) [0x00007FF71A38F584]\n   \t(No symbol) [0x00007FF71A36F113]\n   \t(No symbol) [0x00007FF71A33A918]\n   \t(No symbol) [0x00007FF71A33BA81]\n   \tGetHandleVerifier [0x00007FF71A826A2D+3379789]\n   \tGetHandleVerifier [0x00007FF71A83C32D+3468109]\n   \tGetHandleVerifier [0x00007FF71A830043+3418211]\n   \tGetHandleVerifier [0x00007FF71A5BC78B+847787]\n   \t(No symbol) [0x00007FF71A46757F]\n   \t(No symbol) [0x00007FF71A462FC4]\n   \t(No symbol) [0x00007FF71A46315D]\n   \t(No symbol) [0x00007FF71A452979]\n   \tBaseThreadInitThunk [0x00007FFD3F2B259D+29]\n   \tRtlUserThreadStart [0x00007FFD413AAF38+40]\n", "test_name": "test_logInWithWrongPassword", "rerun": "0"}, "4": {"status": "FAIL", "message": "   selenium.common.exceptions.NoSuchElementException: Message: no such element: Unable to locate element: {\"method\":\"css selector\",\"selector\":\".fade\"}\n     (Session info: chrome=131.0.6778.205); For documentation on this error, please visit: https://www.selenium.dev/documentation/webdriver/troubleshooting/errors#no-such-element-exception\n   Stacktrace:\n   \tGetHandleVerifier [0x00007FF71A7C80D5+2992373]\n   \t(No symbol) [0x00007FF71A45BFD0]\n   \t(No symbol) [0x00007FF71A2F590A]\n   \t(No symbol) [0x00007FF71A34926E]\n   \t(No symbol) [0x00007FF71A34955C]\n   \t(No symbol) [0x00007FF71A3927D7]\n   \t(No symbol) [0x00007FF71A36F3AF]\n   \t(No symbol) [0x00007FF71A38F584]\n   \t(No symbol) [0x00007FF71A36F113]\n   \t(No symbol) [0x00007FF71A33A918]\n   \t(No symbol) [0x00007FF71A33BA81]\n   \tGetHandleVerifier [0x00007FF71A826A2D+3379789]\n   \tGetHandleVerifier [0x00007FF71A83C32D+3468109]\n   \tGetHandleVerifier [0x00007FF71A830043+3418211]\n   \tGetHandleVerifier [0x00007FF71A5BC78B+847787]\n   \t(No symbol) [0x00007FF71A46757F]\n   \t(No symbol) [0x00007FF71A462FC4]\n   \t(No symbol) [0x00007FF71A46315D]\n   \t(No symbol) [0x00007FF71A452979]\n   \tBaseThreadInitThunk [0x00007FFD3F2B259D+29]\n   \tRtlUserThreadStart [0x00007FFD413AAF38+40]\n", "test_name": "test_lonInWithUserDoesNotToken", "rerun": "0"}}, "suite_name": "tests/E2E/test_logInForm.py"}}}, "date": "January 10, 2025", "start_time": 1736536147.7383065, "total_suite": 1, "status": "FAIL", "status_list": {"pass": "3", "fail": "2", "skip": "0", "error": "0", "xpass": "0", "xfail": "0", "rerun": "0"}, "total_tests": "5"}